<?xml version="1.0" encoding="UTF-8"?>
<testng-results skipped="1" failed="0" ignored="0" total="8" passed="7">
  <reporter-output>
  </reporter-output>
  <suite name="Adidas Test Suite" duration-ms="60037" started-at="2021-01-20T08:34:17Z" finished-at="2021-01-20T08:35:17Z">
    <groups>
    </groups>
    <test name="Adidas Test" duration-ms="60037" started-at="2021-01-20T08:34:17Z" finished-at="2021-01-20T08:35:17Z">
      <class name="com.adidas.Test.StoreTest">
        <test-method status="PASS" signature="setup(org.testng.ITestContext)[pri:0, instance:com.adidas.Test.StoreTest@5f341870]" name="setup" is-config="true" duration-ms="9020" started-at="2021-01-20T08:34:17Z" finished-at="2021-01-20T08:34:26Z">
          <params>
            <param index="0">
              <value>
                <![CDATA[org.testng.TestRunner@4eb1c69]]>
              </value>
            </param>
          </params>
          <reporter-output>
          </reporter-output>
        </test-method> <!-- setup -->
        <test-method status="PASS" signature="navigatePhone()[pri:1, instance:com.adidas.Test.StoreTest@5f341870]" name="navigatePhone" duration-ms="862" started-at="2021-01-20T08:34:26Z" finished-at="2021-01-20T08:34:27Z">
          <reporter-output>
          </reporter-output>
        </test-method> <!-- navigatePhone -->
        <test-method status="PASS" signature="navigateMonitor()[pri:2, instance:com.adidas.Test.StoreTest@5f341870]" name="navigateMonitor" duration-ms="1012" started-at="2021-01-20T08:34:27Z" finished-at="2021-01-20T08:34:28Z">
          <reporter-output>
          </reporter-output>
        </test-method> <!-- navigateMonitor -->
        <test-method status="PASS" signature="navigateLaptop()[pri:3, instance:com.adidas.Test.StoreTest@5f341870]" name="navigateLaptop" duration-ms="1033" started-at="2021-01-20T08:34:28Z" finished-at="2021-01-20T08:34:29Z">
          <reporter-output>
          </reporter-output>
        </test-method> <!-- navigateLaptop -->
        <test-method status="PASS" signature="addSony()[pri:4, instance:com.adidas.Test.StoreTest@5f341870]" name="addSony" duration-ms="9029" started-at="2021-01-20T08:34:29Z" finished-at="2021-01-20T08:34:38Z">
          <reporter-output>
          </reporter-output>
        </test-method> <!-- addSony -->
        <test-method status="PASS" signature="addDell()[pri:5, instance:com.adidas.Test.StoreTest@5f341870]" name="addDell" duration-ms="8271" started-at="2021-01-20T08:34:38Z" finished-at="2021-01-20T08:34:47Z">
          <reporter-output>
          </reporter-output>
        </test-method> <!-- addDell -->
        <test-method status="SKIP" signature="deleteDell()[pri:6, instance:com.adidas.Test.StoreTest@5f341870]" name="deleteDell" duration-ms="13684" started-at="2021-01-20T08:34:47Z" finished-at="2021-01-20T08:35:00Z">
          <exception class="java.lang.AssertionError">
            <message>
              <![CDATA[expected [true] but found [false]]]>
            </message>
            <full-stacktrace>
              <![CDATA[java.lang.AssertionError: expected [true] but found [false]
at org.testng.Assert.fail(Assert.java:96)
at org.testng.Assert.failNotEquals(Assert.java:776)
at org.testng.Assert.assertTrue(Assert.java:44)
at org.testng.Assert.assertTrue(Assert.java:54)
at com.adidas.Test.StoreTest.deleteDell(StoreTest.java:86)
at sun.reflect.NativeMethodAccessorImpl.invoke0(Native Method)
at sun.reflect.NativeMethodAccessorImpl.invoke(NativeMethodAccessorImpl.java:62)
at sun.reflect.DelegatingMethodAccessorImpl.invoke(DelegatingMethodAccessorImpl.java:43)
at java.lang.reflect.Method.invoke(Method.java:498)
at org.testng.internal.MethodInvocationHelper.invokeMethod(MethodInvocationHelper.java:124)
at org.testng.internal.Invoker.invokeMethod(Invoker.java:583)
at org.testng.internal.Invoker.invokeTestMethod(Invoker.java:719)
at org.testng.internal.Invoker.invokeTestMethods(Invoker.java:989)
at org.testng.internal.TestMethodWorker.invokeTestMethods(TestMethodWorker.java:125)
at org.testng.internal.TestMethodWorker.run(TestMethodWorker.java:109)
at org.testng.TestRunner.privateRun(TestRunner.java:648)
at org.testng.TestRunner.run(TestRunner.java:505)
at org.testng.SuiteRunner.runTest(SuiteRunner.java:455)
at org.testng.SuiteRunner.runSequentially(SuiteRunner.java:450)
at org.testng.SuiteRunner.privateRun(SuiteRunner.java:415)
at org.testng.SuiteRunner.run(SuiteRunner.java:364)
at org.testng.SuiteRunnerWorker.runSuite(SuiteRunnerWorker.java:52)
at org.testng.SuiteRunnerWorker.run(SuiteRunnerWorker.java:84)
at org.testng.TestNG.runSuitesSequentially(TestNG.java:1208)
at org.testng.TestNG.runSuitesLocally(TestNG.java:1137)
at org.testng.TestNG.runSuites(TestNG.java:1049)
at org.testng.TestNG.run(TestNG.java:1017)
at org.apache.maven.surefire.testng.TestNGExecutor.run(TestNGExecutor.java:283)
at org.apache.maven.surefire.testng.TestNGXmlTestSuite.execute(TestNGXmlTestSuite.java:75)
at org.apache.maven.surefire.testng.TestNGProvider.invoke(TestNGProvider.java:120)
at org.apache.maven.surefire.booter.ForkedBooter.runSuitesInProcess(ForkedBooter.java:377)
at org.apache.maven.surefire.booter.ForkedBooter.execute(ForkedBooter.java:138)
at org.apache.maven.surefire.booter.ForkedBooter.run(ForkedBooter.java:465)
at org.apache.maven.surefire.booter.ForkedBooter.main(ForkedBooter.java:451)
]]>
            </full-stacktrace>
          </exception> <!-- java.lang.AssertionError -->
          <reporter-output>
          </reporter-output>
        </test-method> <!-- deleteDell -->
        <test-method status="PASS" signature="deleteDell()[pri:6, instance:com.adidas.Test.StoreTest@5f341870]" name="deleteDell" duration-ms="7661" started-at="2021-01-20T08:35:00Z" finished-at="2021-01-20T08:35:08Z">
          <reporter-output>
          </reporter-output>
        </test-method> <!-- deleteDell -->
        <test-method status="PASS" signature="purchaseItem()[pri:7, instance:com.adidas.Test.StoreTest@5f341870]" name="purchaseItem" duration-ms="8876" started-at="2021-01-20T08:35:08Z" finished-at="2021-01-20T08:35:17Z">
          <reporter-output>
          </reporter-output>
        </test-method> <!-- purchaseItem -->
      </class> <!-- com.adidas.Test.StoreTest -->
    </test> <!-- Adidas Test -->
  </suite> <!-- Adidas Test Suite -->
</testng-results>
